SF:lib/src/badge.dart
DA:9,0
DA:14,0
DA:16,0
DA:34,1
DA:40,0
DA:42,0
DA:47,0
DA:49,0
DA:54,0
DA:56,1
DA:61,1
DA:63,0
DA:68,0
DA:70,0
DA:75,0
DA:77,0
DA:82,0
DA:84,0
DA:89,0
DA:91,0
DA:96,0
DA:98,0
DA:103,0
DA:105,0
DA:110,0
DA:112,0
DA:113,0
DA:114,0
DA:115,0
DA:116,0
DA:117,0
DA:118,0
DA:119,0
DA:120,0
DA:121,0
DA:125,0
DA:132,0
DA:133,0
DA:134,0
DA:135,0
DA:136,0
DA:137,0
DA:142,0
DA:143,0
DA:144,0
DA:145,0
DA:146,0
DA:147,0
DA:148,0
DA:152,2
DA:153,6
DA:156,2
DA:157,6
DA:160,2
DA:162,2
DA:163,2
DA:165,4
DA:166,4
DA:168,2
LF:59
LH:13
end_of_record
SF:lib/src/badge_theme.dart
DA:14,0
DA:15,3
DA:19,0
DA:20,0
DA:24,0
DA:25,0
DA:26,0
DA:70,2
DA:81,4
DA:85,2
DA:86,2
DA:87,6
DA:88,0
DA:90,2
DA:91,6
DA:92,0
DA:96,2
DA:97,2
DA:98,6
DA:99,0
DA:101,2
DA:102,6
DA:103,0
DA:107,0
DA:108,0
DA:109,0
DA:110,0
DA:111,0
DA:112,0
DA:118,0
DA:124,0
DA:125,0
DA:126,0
DA:127,0
DA:128,0
LF:35
LH:13
end_of_record
SF:lib/src/colorer.dart
DA:3,4
DA:4,4
DA:15,6
DA:17,6
DA:18,2
DA:19,2
DA:20,2
DA:21,2
DA:22,2
DA:23,2
DA:24,2
DA:25,2
DA:26,2
DA:27,2
DA:28,2
DA:29,2
DA:30,2
DA:31,2
DA:32,2
DA:33,2
DA:34,2
DA:35,2
DA:36,2
DA:37,2
DA:38,2
DA:39,2
DA:40,2
DA:41,2
DA:42,2
DA:43,2
DA:44,2
DA:45,2
DA:46,2
DA:47,2
DA:48,2
DA:49,2
DA:50,2
DA:51,2
DA:52,2
DA:55,0
DA:56,0
DA:58,2
DA:59,4
DA:61,2
DA:63,2
DA:64,0
DA:67,4
DA:69,4
DA:72,2
DA:74,4
DA:76,2
DA:79,0
DA:81,0
DA:83,0
LF:54
LH:48
end_of_record
SF:lib/src/util.dart
DA:6,2
DA:8,0
DA:9,0
DA:16,2
DA:19,0
DA:21,2
DA:24,6
DA:25,2
DA:27,4
DA:30,10
LF:10
LH:7
end_of_record
